<?xml version="1.0" encoding="UTF-8"?>
<!-- Generated by org.testng.reporters.JUnitXMLReporter -->
<testsuite hostname="Alexanders-MacBook-Pro.local" name="Default test" tests="3" failures="0" timestamp="15 Nov 2017 15:23:07 GMT" time="0.111" errors="0">
  <testcase name="getADBpathTest" time="0.02" classname="adbwrapper.AdbWrapperTest"/>
  <testcase name="getAllDevicesIdTest" time="0.062" classname="adbwrapper.AdbWrapperTest"/>
  <testcase name="installAll" time="0.016" classname="adbwrapper.AdbWrapperTest"/>
</testsuite> <!-- Default test -->
