<?xml version="1.0" encoding="UTF-8"?>
<testng-results skipped="0" failed="0" total="1" passed="1">
  <reporter-output>
  </reporter-output>
  <suite name="Default suite" duration-ms="108" started-at="2017-11-29T08:02:25Z" finished-at="2017-11-29T08:02:25Z">
    <groups>
    </groups>
    <test name="Default test" duration-ms="108" started-at="2017-11-29T08:02:25Z" finished-at="2017-11-29T08:02:25Z">
      <class name="adbwrapper.Uninstall">
        <test-method status="PASS" signature="uninstallAll()[pri:0, instance:adbwrapper.Uninstall@7f560810]" name="uninstallAll" duration-ms="95" started-at="2017-11-29T10:02:25Z" finished-at="2017-11-29T10:02:25Z">
          <reporter-output>
          </reporter-output>
        </test-method> <!-- uninstallAll -->
      </class> <!-- adbwrapper.Uninstall -->
    </test> <!-- Default test -->
  </suite> <!-- Default suite -->
</testng-results>
